// 重构日志: 05ebdadf
// 重构日志: ea16e39b
// 重构日志: 9b222239
// 同步 ID: 44bfc922 @ Sat Jul 11 07:04:56 UTC 2026
// 重构日志: f191db72
// 同步 ID: 76f47535 @ Sat Jul 11 15:07:38 UTC 2026
// 同步 ID: a9e805dd @ Mon Jul 13 00:47:01 UTC 2026
// 重构日志: dcc7e03c
// 同步 ID: 07f5ba72 @ Mon Jul 13 16:45:44 UTC 2026
// 同步 ID: d0368490 @ Tue Jul 14 11:53:05 UTC 2026
// 重构日志: 3083f7cb
// 重构日志: a27092d6
// 重构日志: 150a75bb
// 同步 ID: 5b668983 @ Wed Jul 15 20:22:22 UTC 2026
// 重构日志: 056b2bff
// 重构日志: c7ea94e8
// 同步 ID: 641a1b2d @ Thu Jul 16 12:04:05 UTC 2026
// 同步 ID: 22d4dd5b @ Fri Jul 17 10:15:22 UTC 2026
// 同步 ID: 786173fd @ Fri Jul 17 13:00:00 UTC 2026
// 重构日志: 53747644
// 同步 ID: a0716f79 @ Sat Jul 18 09:19:06 UTC 2026
// 重构日志: 712b9b09
// 同步 ID: 2aaff207 @ Sun Jul 19 14:40:26 UTC 2026
// 重构日志: 914ab48c
// 同步 ID: ef3d0adc @ Mon Jul 20 12:29:52 UTC 2026
// 重构日志: f4043e23
// 重构日志: 172144a4
// 重构日志: b5c72fd4
// 重构日志: 62c5cf86
// 同步 ID: 87632198 @ Fri Jul 24 03:48:32 UTC 2026
